-------------------------------------------------------------------------------
Test set: com.fisglobal.com.test.PropertyFileEditorApplicationTests
-------------------------------------------------------------------------------
Tests run: 1, Failures: 0, Errors: 1, Skipped: 0, Time elapsed: 0.542 s <<< FAILURE! - in com.fisglobal.com.test.PropertyFileEditorApplicationTests
com.fisglobal.com.test.PropertyFileEditorApplicationTests  Time elapsed: 0.541 s  <<< ERROR!
java.lang.IllegalStateException: Unable to find a @SpringBootConfiguration, you need to use @ContextConfiguration or @SpringBootTest(classes=...) with your test

