<?xml version="1.0" encoding="UTF-8"?>
<testsuite xmlns:xsi="http://www.w3.org/2001/XMLSchema-instance" xsi:noNamespaceSchemaLocation="https://maven.apache.org/surefire/maven-surefire-plugin/xsd/surefire-test-report.xsd" name="com.fisglobal.com.test.PropertyFileEditorApplicationTests" time="0.542" tests="1" errors="1" skipped="0" failures="0">
  <properties>
[...]
</properties>
  <testcase name="com.fisglobal.com.test.PropertyFileEditorApplicationTests" classname="com.fisglobal.com.test.PropertyFileEditorApplicationTests" time="0.541">
    <error message="Unable to find a @SpringBootConfiguration, you need to use @ContextConfiguration or @SpringBootTest(classes=...) with your test" type="java.lang.IllegalStateException">java.lang.IllegalStateException: Unable to find a @SpringBootConfiguration, you need to use @ContextConfiguration or @SpringBootTest(classes=...) with your test
</error>
    <system-out><![CDATA[23:59:20.114 [main] DEBUG org.springframework.test.context.BootstrapUtils - Instantiating CacheAwareContextLoaderDelegate from class [org.springframework.test.context.cache.DefaultCacheAwareContextLoaderDelegate]
23:59:20.140 [main] DEBUG org.springframework.test.context.BootstrapUtils - Instantiating BootstrapContext using constructor [public org.springframework.test.context.support.DefaultBootstrapContext(java.lang.Class,org.springframework.test.context.CacheAwareContextLoaderDelegate)]
23:59:20.174 [main] DEBUG org.springframework.test.context.BootstrapUtils - Instantiating TestContextBootstrapper for test class [com.fisglobal.com.test.PropertyFileEditorApplicationTests] from class [org.springframework.boot.test.context.SpringBootTestContextBootstrapper]
23:59:20.197 [main] INFO org.springframework.boot.test.context.SpringBootTestContextBootstrapper - Neither @ContextConfiguration nor @ContextHierarchy found for test class [com.fisglobal.com.test.PropertyFileEditorApplicationTests], using SpringBootContextLoader
23:59:20.202 [main] DEBUG org.springframework.test.context.support.AbstractContextLoader - Did not detect default resource location for test class [com.fisglobal.com.test.PropertyFileEditorApplicationTests]: class path resource [com/fisglobal/com/test/PropertyFileEditorApplicationTests-context.xml] does not exist
23:59:20.203 [main] DEBUG org.springframework.test.context.support.AbstractContextLoader - Did not detect default resource location for test class [com.fisglobal.com.test.PropertyFileEditorApplicationTests]: class path resource [com/fisglobal/com/test/PropertyFileEditorApplicationTestsContext.groovy] does not exist
23:59:20.203 [main] INFO org.springframework.test.context.support.AbstractContextLoader - Could not detect default resource locations for test class [com.fisglobal.com.test.PropertyFileEditorApplicationTests]: no resource found for suffixes {-context.xml, Context.groovy}.
23:59:20.204 [main] INFO org.springframework.test.context.support.AnnotationConfigContextLoaderUtils - Could not detect default configuration classes for test class [com.fisglobal.com.test.PropertyFileEditorApplicationTests]: PropertyFileEditorApplicationTests does not declare any static, non-private, non-final, nested classes annotated with @Configuration.
23:59:20.256 [main] DEBUG org.springframework.test.context.support.ActiveProfilesUtils - Could not find an 'annotation declaring class' for annotation type [org.springframework.test.context.ActiveProfiles] and class [com.fisglobal.com.test.PropertyFileEditorApplicationTests]
23:59:20.391 [main] DEBUG org.springframework.test.context.BootstrapUtils - Instantiating CacheAwareContextLoaderDelegate from class [org.springframework.test.context.cache.DefaultCacheAwareContextLoaderDelegate]
23:59:20.392 [main] DEBUG org.springframework.test.context.BootstrapUtils - Instantiating BootstrapContext using constructor [public org.springframework.test.context.support.DefaultBootstrapContext(java.lang.Class,org.springframework.test.context.CacheAwareContextLoaderDelegate)]
23:59:20.394 [main] DEBUG org.springframework.test.context.BootstrapUtils - Instantiating TestContextBootstrapper for test class [com.fisglobal.com.test.PropertyFileEditorApplicationTests] from class [org.springframework.boot.test.context.SpringBootTestContextBootstrapper]
23:59:20.396 [main] INFO org.springframework.boot.test.context.SpringBootTestContextBootstrapper - Neither @ContextConfiguration nor @ContextHierarchy found for test class [com.fisglobal.com.test.PropertyFileEditorApplicationTests], using SpringBootContextLoader
23:59:20.413 [main] DEBUG org.springframework.test.context.support.AbstractContextLoader - Did not detect default resource location for test class [com.fisglobal.com.test.PropertyFileEditorApplicationTests]: class path resource [com/fisglobal/com/test/PropertyFileEditorApplicationTests-context.xml] does not exist
23:59:20.414 [main] DEBUG org.springframework.test.context.support.AbstractContextLoader - Did not detect default resource location for test class [com.fisglobal.com.test.PropertyFileEditorApplicationTests]: class path resource [com/fisglobal/com/test/PropertyFileEditorApplicationTestsContext.groovy] does not exist
23:59:20.420 [main] INFO org.springframework.test.context.support.AbstractContextLoader - Could not detect default resource locations for test class [com.fisglobal.com.test.PropertyFileEditorApplicationTests]: no resource found for suffixes {-context.xml, Context.groovy}.
23:59:20.421 [main] INFO org.springframework.test.context.support.AnnotationConfigContextLoaderUtils - Could not detect default configuration classes for test class [com.fisglobal.com.test.PropertyFileEditorApplicationTests]: PropertyFileEditorApplicationTests does not declare any static, non-private, non-final, nested classes annotated with @Configuration.
23:59:20.426 [main] DEBUG org.springframework.test.context.support.ActiveProfilesUtils - Could not find an 'annotation declaring class' for annotation type [org.springframework.test.context.ActiveProfiles] and class [com.fisglobal.com.test.PropertyFileEditorApplicationTests]
23:59:20.495 [main] DEBUG org.springframework.test.context.BootstrapUtils - Instantiating CacheAwareContextLoaderDelegate from class [org.springframework.test.context.cache.DefaultCacheAwareContextLoaderDelegate]
23:59:20.500 [main] DEBUG org.springframework.test.context.BootstrapUtils - Instantiating BootstrapContext using constructor [public org.springframework.test.context.support.DefaultBootstrapContext(java.lang.Class,org.springframework.test.context.CacheAwareContextLoaderDelegate)]
23:59:20.505 [main] DEBUG org.springframework.test.context.BootstrapUtils - Instantiating TestContextBootstrapper for test class [com.fisglobal.com.test.PropertyFileEditorApplicationTests] from class [org.springframework.boot.test.context.SpringBootTestContextBootstrapper]
23:59:20.507 [main] INFO org.springframework.boot.test.context.SpringBootTestContextBootstrapper - Neither @ContextConfiguration nor @ContextHierarchy found for test class [com.fisglobal.com.test.PropertyFileEditorApplicationTests], using SpringBootContextLoader
23:59:20.509 [main] DEBUG org.springframework.test.context.support.AbstractContextLoader - Did not detect default resource location for test class [com.fisglobal.com.test.PropertyFileEditorApplicationTests]: class path resource [com/fisglobal/com/test/PropertyFileEditorApplicationTests-context.xml] does not exist
23:59:20.511 [main] DEBUG org.springframework.test.context.support.AbstractContextLoader - Did not detect default resource location for test class [com.fisglobal.com.test.PropertyFileEditorApplicationTests]: class path resource [com/fisglobal/com/test/PropertyFileEditorApplicationTestsContext.groovy] does not exist
23:59:20.511 [main] INFO org.springframework.test.context.support.AbstractContextLoader - Could not detect default resource locations for test class [com.fisglobal.com.test.PropertyFileEditorApplicationTests]: no resource found for suffixes {-context.xml, Context.groovy}.
23:59:20.512 [main] INFO org.springframework.test.context.support.AnnotationConfigContextLoaderUtils - Could not detect default configuration classes for test class [com.fisglobal.com.test.PropertyFileEditorApplicationTests]: PropertyFileEditorApplicationTests does not declare any static, non-private, non-final, nested classes annotated with @Configuration.
23:59:20.514 [main] DEBUG org.springframework.test.context.support.ActiveProfilesUtils - Could not find an 'annotation declaring class' for annotation type [org.springframework.test.context.ActiveProfiles] and class [com.fisglobal.com.test.PropertyFileEditorApplicationTests]
]]></system-out>
  </testcase>
</testsuite>